
Showing logs for build [32mcb-kubecd-bdd-gh-1573049053-pr-1[0m stage [32mfrom-build-pack[0m and container [32mstep-credential-initializer-7ttkl[0m
{"level":"warn","ts":1573049470.0555081,"logger":"fallback-logger","caller":"logging/config.go:69","msg":"Fetch GitHub commit ID from kodata failed: \"ref: refs/heads/master\" is not a valid GitHub commit ID"}
{"level":"info","ts":1573049470.0560489,"logger":"fallback-logger","caller":"creds-init/main.go:40","msg":"Credentials initialized."}

Showing logs for build [32mcb-kubecd-bdd-gh-1573049053-pr-1[0m stage [32mfrom-build-pack[0m and container [32mstep-working-dir-initializer-d4jzt[0m
{"level":"warn","ts":1573049471.3392348,"logger":"fallback-logger","caller":"logging/config.go:69","msg":"Fetch GitHub commit ID from kodata failed: open /var/run/ko/HEAD: no such file or directory"}
{"level":"info","ts":1573049471.3409839,"logger":"fallback-logger","caller":"bash/main.go:65","msg":"Successfully executed command \"mkdir -p /workspace/source\""}

Showing logs for build [32mcb-kubecd-bdd-gh-1573049053-pr-1[0m stage [32mfrom-build-pack[0m and container [32mstep-place-tools[0m

Showing logs for build [32mcb-kubecd-bdd-gh-1573049053-pr-1[0m stage [32mfrom-build-pack[0m and container [32mstep-git-source-cb-kubecd-bdd-gh-1573049053-pr-xcm9v[0m
{"level":"warn","ts":1573049477.3716085,"logger":"fallback-logger","caller":"logging/config.go:69","msg":"Fetch GitHub commit ID from kodata failed: \"ref: refs/heads/master\" is not a valid GitHub commit ID"}
{"level":"info","ts":1573049478.4374034,"logger":"fallback-logger","caller":"git/git.go:102","msg":"Successfully cloned https://github.com/cb-kubecd/bdd-gh-1573049053.git @ 6572bc965e9dcb5ed3cc90edc1eb9462657a91d1 in path /workspace/source"}

Showing logs for build [32mcb-kubecd-bdd-gh-1573049053-pr-1[0m stage [32mfrom-build-pack[0m and container [32mstep-git-merge[0m
Using SHAs from PULL_REFS=master:1d5d6d120cae445a64c4fe3d51d96a717ee6a570,1:6572bc965e9dcb5ed3cc90edc1eb9462657a91d1
DEBUG: ran git fetch --unshallow origin 6572bc965e9dcb5ed3cc90edc1eb9462657a91d1: 1d5d6d120cae445a64c4fe3d51d96a717ee6a570: in 
DEBUG: ran git checkout master in 
DEBUG: ran git reset --hard 1d5d6d120cae445a64c4fe3d51d96a717ee6a570 in 
DEBUG: ran clean --force -d . in 
DEBUG: ran git merge 6572bc965e9dcb5ed3cc90edc1eb9462657a91d1 in 
Merged SHA 6572bc965e9dcb5ed3cc90edc1eb9462657a91d1 with commit message 'My first PR commit' into base branch master

Showing logs for build [32mcb-kubecd-bdd-gh-1573049053-pr-1[0m stage [32mfrom-build-pack[0m and container [32mstep-build-make-linux[0m
CGO_ENABLED=0 GOOS=linux GOARCH=amd64 GO15VENDOREXPERIMENT=1 go build -ldflags '' -o bin/bdd-gh-1573049053 main.go

Showing logs for build [32mcb-kubecd-bdd-gh-1573049053-pr-1[0m stage [32mfrom-build-pack[0m and container [32mstep-build-container-build[0m
[36mINFO[0m[0000] No base image, nothing to extract            
[36mINFO[0m[0000] cmd: EXPOSE                                  
[36mINFO[0m[0000] Adding exposed port: 8080/tcp                
[36mINFO[0m[0000] Using files from context: [/workspace/source/bin] 
[36mINFO[0m[0000] Skipping unpacking as no commands require it. 
[36mINFO[0m[0000] Taking snapshot of full filesystem...        
[36mINFO[0m[0000] EXPOSE 8080                                  
[36mINFO[0m[0000] cmd: EXPOSE                                  
[36mINFO[0m[0000] Adding exposed port: 8080/tcp                
[36mINFO[0m[0000] No files changed in this command, skipping snapshotting. 
[36mINFO[0m[0000] ENTRYPOINT ["/bdd-gh-1573049053"]            
[36mINFO[0m[0000] No files changed in this command, skipping snapshotting. 
[36mINFO[0m[0000] Using files from context: [/workspace/source/bin] 
[36mINFO[0m[0000] COPY ./bin/ /                                
[36mINFO[0m[0000] Taking snapshot of files...                  
2019/11/06 14:11:30 pushed blob: sha256:3b27fd77ec45a1cbb57bd35f99033b01145b15c78c565fe808ee91ddcc37ebdc
2019/11/06 14:11:31 pushed blob: sha256:829a0f9a5fe8a088caf2ac293ebd16a65357a5ba6b8216ce18912c1d100c8976
2019/11/06 14:11:32 gcr.io/jenkins-x-bdd3/bdd-gh-1573049053:0.0.0-SNAPSHOT-PR-1-1: digest: sha256:6ed2efeefb41a86075b0e8b3d2a0b2210235b568479139257e1824a908ef3f84 size: 428

Showing logs for build [32mcb-kubecd-bdd-gh-1573049053-pr-1[0m stage [32mfrom-build-pack[0m and container [32mstep-postbuild-post-build[0m
no CVE provider running in the current ** namespace so skip adding image to be analysed

Showing logs for build [32mcb-kubecd-bdd-gh-1573049053-pr-1[0m stage [32mfrom-build-pack[0m and container [32mstep-promote-make-preview[0m
sed -i -e "s/version:.*/version: 0.0.0-SNAPSHOT-PR-1-1/" Chart.yaml
sed -i -e "s/version:.*/version: 0.0.0-SNAPSHOT-PR-1-1/" ../*/Chart.yaml
sed -i -e "s|repository:.*|repository: gcr.io\/jenkins-x-bdd3\/bdd-gh-1573049053|" values.yaml
sed -i -e "s/tag:.*/tag: 0.0.0-SNAPSHOT-PR-1-1/" values.yaml
echo "  version: 0.0.0-SNAPSHOT-PR-1-1" >> requirements.yaml
** step helm build
WARNING: No $CHART_REPOSITORY defined so using the default value of: http://jenkins-x-chartmuseum:8080
Adding missing Helm repo: storage.googleapis.com https://storage.googleapis.com/chartmuseum.jenkins-x.io
Read credentials for https://storage.googleapis.com/chartmuseum.jenkins-x.io from vault helm/repos
Successfully added Helm repository storage.googleapis.com.
Adding missing Helm repo: jenkins-x-chartmuseum http://jenkins-x-chartmuseum:8080
Read credentials for http://jenkins-x-chartmuseum:8080 from vault helm/repos
Successfully added Helm repository jenkins-x-chartmuseum.
WARNING: No $CHART_REPOSITORY defined so using the default value of: http://jenkins-x-chartmuseum:8080
Adding missing Helm repo: chartmuseum.jenkins-x.io http://chartmuseum.jenkins-x.io
Read credentials for http://chartmuseum.jenkins-x.io from vault helm/repos
Successfully added Helm repository chartmuseum.jenkins-x.io.

Showing logs for build [32mcb-kubecd-bdd-gh-1573049053-pr-1[0m stage [32mfrom-build-pack[0m and container [32mstep-promote-jx-preview[0m
Creating a preview
WARNING: No author for commit: 6572bc965e9dcb5ed3cc90edc1eb9462657a91d1
Created environment cb-kubecd-bdd-gh-1573049053-pr-1
Namespace **-cb-kubecd-bdd-gh-1573049053-pr-1 created 
expose:
  Annotations:
    helm.sh/hook: post-install,post-upgrade
    helm.sh/hook-delete-policy: hook-succeeded
  config:
    domain: 35.233.82.156.nip.io
    exposer: Ingress
    http: "true"
preview:
  image:
    repository: gcr.io/jenkins-x-bdd3/bdd-gh-1573049053
    tag: 0.0.0-SNAPSHOT-PR-1-1
Deleting and cloning the Jenkins X versions repo
Cloning the Jenkins X versions repo https://github.com/cloudbees/cloudbees-jenkins-x-versions.git with revision b2e94109e7eddad4875c5331d26384cfcec44713 to /builder/home/.**/jenkins-x-versions
From https://github.com/cloudbees/cloudbees-jenkins-x-versions
 * branch            b2e94109e7eddad4875c5331d26384cfcec44713 -> FETCH_HEAD


Updating PipelineActivities cb-kubecd-bdd-gh-1573049053-pr-1-1 which has status Running
Preview application is now available at: http://bdd-gh-1573049053.**-cb-kubecd-bdd-gh-1573049053-pr-1.35.233.82.156.nip.io
